<?xml version="1.0" encoding="UTF-8"?>
<!-- Generated by org.testng.reporters.JUnitReportReporter -->
<testsuite hostname="DESKTOP-P6RNRFO" name="freeCRM_TestScenarios.FreeCRM_ContactsTest" tests="1" failures="0" timestamp="8 May 2019 14:40:35 GMT" time="36.223" errors="0">
  <testcase name="createNewContact" time="36.223" classname="freeCRM_TestScenarios.FreeCRM_ContactsTest"/>
</testsuite> <!-- freeCRM_TestScenarios.FreeCRM_ContactsTest -->
