<?xml version="1.0" encoding="UTF-8"?>
<!-- Generated by org.testng.reporters.JUnitReportReporter -->
<testsuite hostname="DESKTOP-P6RNRFO" name="freeCRM_TestScenarios.FreeCRM_CompaniesTest_Pagefactory" tests="1" failures="0" timestamp="18 May 2019 10:30:24 GMT" time="12.842" errors="0">
  <testcase name="createnewCompany" time="12.842" classname="freeCRM_TestScenarios.FreeCRM_CompaniesTest_Pagefactory"/>
</testsuite> <!-- freeCRM_TestScenarios.FreeCRM_CompaniesTest_Pagefactory -->
