<?xml version="1.0" encoding="UTF-8"?>
<!-- Generated by org.testng.reporters.JUnitReportReporter -->
<testsuite hostname="DESKTOP-P6RNRFO" name="freeCRM_TestScenarios.FreeCRM_ContactsTest_Pagefactory" tests="1" failures="0" timestamp="11 May 2019 07:18:53 GMT" time="13.044" errors="0">
  <testcase name="navigateToContactsTab" time="13.044" classname="freeCRM_TestScenarios.FreeCRM_ContactsTest_Pagefactory"/>
</testsuite> <!-- freeCRM_TestScenarios.FreeCRM_ContactsTest_Pagefactory -->
